#
# A fatal error has been detected by the Java Runtime Environment:
#
#  Internal Error (javaClasses.cpp:136), pid=15148, tid=17884
#  fatal error: Invalid layout of preloaded class
#
# JRE version:  (7.0_45-b18) (build )
# Java VM: Java HotSpot(TM) 64-Bit Server VM (24.45-b08 mixed mode windows-amd64 compressed oops)
# Failed to write core dump. Minidumps are not enabled by default on client versions of Windows
#
# If you would like to submit a bug report, please visit:
#   http://bugreport.sun.com/bugreport/crash.jsp
#

---------------  T H R E A D  ---------------

Current thread (0x0000000002310800):  JavaThread "Unknown thread" [_thread_in_vm, id=17884, stack(0x0000000002210000,0x0000000002310000)]

Stack: [0x0000000002210000,0x0000000002310000]

---------------  P R O C E S S  ---------------

Java Threads: ( => current thread )

Other Threads:

=>0x0000000002310800 (exited) JavaThread "Unknown thread" [_thread_in_vm, id=17884, stack(0x0000000002210000,0x0000000002310000)]

VM state:not at safepoint (not fully initialized)

VM Mutex/Monitor currently owned by a thread: None

GC Heap History (0 events):
No events

Deoptimization events (0 events):
No events

Internal exceptions (0 events):
No events

Events (10 events):
Event: 0.017 loading class 0x000000000235ecc0 done
Event: 0.018 loading class 0x000000000235e6e0 done
Event: 0.018 loading class 0x000000000235e6c0
Event: 0.018 loading class 0x0000000002366610
Event: 0.018 loading class 0x0000000002366610 done
Event: 0.018 loading class 0x0000000002366640
Event: 0.018 loading class 0x0000000002366640 done
Event: 0.018 loading class 0x0000000002366670
Event: 0.018 loading class 0x0000000002366670 done
Event: 0.018 loading class 0x000000000235e6c0 done


Dynamic libraries:
0x00007ff68da10000 - 0x00007ff68da43000 	C:\Program Files\Java\jre7\bin\javaw.exe
0x00007ffe5cf70000 - 0x00007ffe5d119000 	C:\Windows\SYSTEM32\ntdll.dll
0x00007ffe5cc30000 - 0x00007ffe5cd69000 	C:\Windows\system32\KERNEL32.DLL
0x00007ffe5a510000 - 0x00007ffe5a61e000 	C:\Windows\system32\KERNELBASE.dll
0x00007ffe58b90000 - 0x00007ffe58c1b000 	C:\Windows\system32\apphelp.dll
0x00007ffe522c0000 - 0x00007ffe5230f000 	C:\Windows\AppPatch\AppPatch64\AcGenral.DLL
0x00007ffe5c470000 - 0x00007ffe5c517000 	C:\Windows\system32\msvcrt.dll
0x00007ffe59d40000 - 0x00007ffe59d6b000 	C:\Windows\SYSTEM32\SspiCli.dll
0x00007ffe5c6f0000 - 0x00007ffe5c741000 	C:\Windows\system32\SHLWAPI.dll
0x00007ffe5aa50000 - 0x00007ffe5abc1000 	C:\Windows\system32\USER32.dll
0x00007ffe5c2f0000 - 0x00007ffe5c466000 	C:\Windows\system32\ole32.dll
0x00007ffe5abd0000 - 0x00007ffe5bfe0000 	C:\Windows\system32\SHELL32.dll
0x00007ffe59570000 - 0x00007ffe5958f000 	C:\Windows\SYSTEM32\USERENV.dll
0x00007ffe5c640000 - 0x00007ffe5c6e5000 	C:\Windows\system32\ADVAPI32.dll
0x00007ffe4ed40000 - 0x00007ffe4ed5b000 	C:\Windows\SYSTEM32\MPR.dll
0x00007ffe5c140000 - 0x00007ffe5c276000 	C:\Windows\system32\RPCRT4.dll
0x00007ffe5a9f0000 - 0x00007ffe5aa47000 	C:\Windows\SYSTEM32\sechost.dll
0x00007ffe5a810000 - 0x00007ffe5a9e7000 	C:\Windows\SYSTEM32\combase.dll
0x00007ffe5bfe0000 - 0x00007ffe5c125000 	C:\Windows\system32\GDI32.dll
0x00007ffe5a2f0000 - 0x00007ffe5a304000 	C:\Windows\SYSTEM32\profapi.dll
0x00007ffe585f0000 - 0x00007ffe58691000 	C:\Windows\SYSTEM32\SHCORE.dll
0x00007ffe5c2b0000 - 0x00007ffe5c2e4000 	C:\Windows\system32\IMM32.DLL
0x00007ffe5caf0000 - 0x00007ffe5cc28000 	C:\Windows\system32\MSCTF.dll
0x00007ffe5a2b0000 - 0x00007ffe5a2df000 	C:\Windows\system32\nvinitx.dll
0x000000000f000000 - 0x000000000f006000 	C:\Program Files\NVIDIA Corporation\CoProcManager\detoured.dll
0x00007ffe57d00000 - 0x00007ffe57d5f000 	C:\Program Files\NVIDIA Corporation\CoProcManager\nvd3d9wrapx.dll
0x00007ffe5c910000 - 0x00007ffe5cae6000 	C:\Windows\system32\SETUPAPI.dll
0x00007ffe5a410000 - 0x00007ffe5a45a000 	C:\Windows\system32\CFGMGR32.dll
0x00007ffe57cb0000 - 0x00007ffe57cf6000 	C:\Program Files\NVIDIA Corporation\CoProcManager\nvdxgiwrapx.dll
0x00007ffe59de0000 - 0x00007ffe5a03a000 	C:\Windows\WinSxS\amd64_microsoft.windows.common-controls_6595b64144ccf1df_6.0.9600.16384_none_62475f7becb72503\COMCTL32.dll
0x000000006ca50000 - 0x000000006cb22000 	C:\Program Files\Java\jre7\bin\msvcr100.dll
0x000000006c280000 - 0x000000006ca49000 	C:\Program Files\Java\jre7\bin\server\jvm.dll
0x00007ffe49430000 - 0x00007ffe49439000 	C:\Windows\SYSTEM32\WSOCK32.dll
0x00007ffe5a060000 - 0x00007ffe5a07f000 	C:\Windows\SYSTEM32\WINMM.dll
0x00007ffe5c280000 - 0x00007ffe5c287000 	C:\Windows\system32\PSAPI.DLL
0x00007ffe5c5e0000 - 0x00007ffe5c638000 	C:\Windows\system32\WS2_32.dll
0x00007ffe583d0000 - 0x00007ffe583fa000 	C:\Windows\SYSTEM32\WINMMBASE.dll
0x00007ffe5c130000 - 0x00007ffe5c139000 	C:\Windows\system32\NSI.dll
0x00007ffe58e40000 - 0x00007ffe58e66000 	C:\Windows\SYSTEM32\DEVOBJ.dll
0x000000006d080000 - 0x000000006d08f000 	C:\Program Files\Java\jre7\bin\verify.dll
0x000000006c250000 - 0x000000006c278000 	C:\Program Files\Java\jre7\bin\java.dll
0x000000006c230000 - 0x000000006c245000 	C:\Program Files\Java\jre7\bin\zip.dll

VM Arguments:
jvm_args: -Dfile.encoding=Cp1252 -Xbootclasspath:C:\Users\Filipe Gama\Android\sdk\platforms\android-8\android.jar 
java_command: org.eclipse.jdt.internal.junit.runner.RemoteTestRunner -version 3 -port 40500 -testLoaderClass org.eclipse.jdt.internal.junit4.runner.JUnit4TestLoader -loaderpluginname org.eclipse.jdt.junit4.runtime -classNames game.tests.PlayerTests
Launcher Type: SUN_STANDARD

Environment Variables:
PATH=C:\Program Files (x86)\NVIDIA Corporation\PhysX\Common;C:\Program Files\Broadcom\Broadcom 802.11\Driver;;C:\Windows\system32;C:\Windows;C:\Windows\System32\Wbem;C:\Windows\System32\WindowsPowerShell\v1.0\;C:\Program Files\TortoiseSVN\bin;C:\Program Files (x86)\Microsoft ASP.NET\ASP.NET Web Pages\v1.0\;C:\Program Files\Microsoft SQL Server\110\Tools\Binn\;c:\Program Files (x86)\Microsoft SQL Server\100\Tools\Binn\;c:\Program Files\Microsoft SQL Server\100\Tools\Binn\;c:\Program Files\Microsoft SQL Server\100\DTS\Binn\;C:\MinGW\bin
USERNAME=Filipe Gama
OS=Windows_NT
PROCESSOR_IDENTIFIER=Intel64 Family 6 Model 58 Stepping 9, GenuineIntel



---------------  S Y S T E M  ---------------

OS: Windows 8 , 64 bit Build 9200 

CPU:total 8 (4 cores per cpu, 2 threads per core) family 6 model 58 stepping 9, cmov, cx8, fxsr, mmx, sse, sse2, sse3, ssse3, sse4.1, sse4.2, popcnt, avx, aes, erms, ht, tsc, tscinvbit, tscinv

Memory: 4k page, physical 4080920k(780176k free), swap 8674224k(2426568k free)

vm_info: Java HotSpot(TM) 64-Bit Server VM (24.45-b08) for windows-amd64 JRE (1.7.0_45-b18), built on Oct  8 2013 05:47:22 by "java_re" with unknown MS VC++:1600

time: Thu May 22 18:33:43 2014
elapsed time: 0 seconds

